#
# A fatal error has been detected by the Java Runtime Environment:
#
#  EXCEPTION_ACCESS_VIOLATION (0xc0000005) at pc=0x00007ffce6eb982b, pid=4448, tid=0x0000000000000bc8
#
# JRE version: Java(TM) SE Runtime Environment (8.0_191-b12) (build 1.8.0_191-b12)
# Java VM: Java HotSpot(TM) 64-Bit Server VM (25.191-b12 mixed mode windows-amd64 compressed oops)
# Problematic frame:
# C  [ntdll.dll+0x1982b]
#
# Failed to write core dump. Minidumps are not enabled by default on client versions of Windows
#
# If you would like to submit a bug report, please visit:
#   http://bugreport.java.com/bugreport/crash.jsp
# The crash happened outside the Java Virtual Machine in native code.
# See problematic frame for where to report the bug.
#

---------------  T H R E A D  ---------------

Current thread (0x0000000018d0b000):  JavaThread "AWT-Windows" daemon [_thread_in_native, id=3016, stack(0x0000000019ed0000,0x0000000019fd0000)]

siginfo: ExceptionCode=0xc0000005, writing address 0x0000000000000024

Registers:
RAX=0xffffffffffffffff, RBX=0x000000001a30ac40, RCX=0x0000000000000000, RDX=0xffffffffffffffff
RSP=0x0000000019fcf050, RBP=0x0000000000000001, RSI=0x0000000000000000, RDI=0x0000000000000000
R8 =0x00000000fffffffa, R9 =0x000000001bd6a100, R10=0x00000000ffffff00, R11=0x0000000019fceed0
R12=0x0000000000000000, R13=0xffffffffffffffff, R14=0x000000000050b000, R15=0x0000000000000000
RIP=0x00007ffce6eb982b, EFLAGS=0x0000000000010213

Top of Stack: (sp=0x0000000019fcf050)
0x0000000019fcf050:   ffffffffffffffff 000000001a30ac40
0x0000000019fcf060:   000000001a2eaac0 0000000019fcf108
0x0000000019fcf070:   000000001a2ef268 0000000000000000
0x0000000019fcf080:   0000000000000000 0000000000000001
0x0000000019fcf090:   0000000016fe5140 0000000000000000
0x0000000019fcf0a0:   0000000000000000 000000001a30a900
0x0000000019fcf0b0:   0000000000000001 00007ffce6eb5fdc
0x0000000019fcf0c0:   000000001a2e8000 00000000fffffffa
0x0000000019fcf0d0:   000000000050b000 000000001a30ac40
0x0000000019fcf0e0:   0000000000000000 00007ffce6eb5ef0
0x0000000019fcf0f0:   000000001a2e8068 0000000000000000
0x0000000019fcf100:   000000001a30a9b0 000000001a305988
0x0000000019fcf110:   000000001a305988 00007ffcb36f9c30
0x0000000019fcf120:   00000000400001c0 000000001a2e8068
0x0000000019fcf130:   000000001a30a9b0 000000001a30a810
0x0000000019fcf140:   0000000018d0b000 000000001a300f38 

Instructions: (pc=0x00007ffce6eb982b)
0x00007ffce6eb980b:   45 f7 48 39 7b 18 0f 84 bc 00 00 00 48 8b 0b 49
0x00007ffce6eb981b:   3b cd 0f 84 bd 00 00 00 44 8b e7 49 3b cd 74 03
0x00007ffce6eb982b:   ff 41 24 4c 8b 6b 18 48 8d 2d bf 5c 14 00 45 33
0x00007ffce6eb983b:   f6 e8 ff 54 ff ff 85 c0 0f 85 0f 53 09 00 b9 82 


Register to memory mapping:

RAX=0xffffffffffffffff is an unknown value
RBX=0x000000001a30ac40 is an unknown value
RCX=0x0000000000000000 is an unknown value
RDX=0xffffffffffffffff is an unknown value
RSP=0x0000000019fcf050 is pointing into the stack for thread: 0x0000000018d0b000
RBP=0x0000000000000001 is an unknown value
RSI=0x0000000000000000 is an unknown value
RDI=0x0000000000000000 is an unknown value
R8 =0x00000000fffffffa is an unallocated location in the heap
R9 =0x000000001bd6a100 is an unknown value
R10=0x00000000ffffff00 is an unallocated location in the heap
R11=0x0000000019fceed0 is pointing into the stack for thread: 0x0000000018d0b000
R12=0x0000000000000000 is an unknown value
R13=0xffffffffffffffff is an unknown value
R14=0x000000000050b000 is an unknown value
R15=0x0000000000000000 is an unknown value


Stack: [0x0000000019ed0000,0x0000000019fd0000],  sp=0x0000000019fcf050,  free space=1020k
Native frames: (J=compiled Java code, j=interpreted, Vv=VM code, C=native code)
C  [ntdll.dll+0x1982b]
C  [ntdll.dll+0x15fdc]
C  [ntdll.dll+0x15ef0]
C  [atiumd64.dll+0x59c30]
C  [atiumd64.dll+0x5a806]
C  [atiumd64.dll+0x1a9af]
C  [atiumd64.dll+0x1ee0]
C  [atiu9p64.dll+0x630d]
C  [d3d9.dll+0xa8f1]
C  [d3d9.dll+0xa6b5]
C  [d3d9.dll+0x338c]
C  [d3d9.dll+0x12fe]
C  [d3d9.dll+0x2de1a]
C  [awt.dll+0x19c57]
C  [awt.dll+0x15926]
C  [awt.dll+0x1d597]
C  [awt.dll+0x1f309]
C  [awt.dll+0xccaed]
C  [awt.dll+0xcd101]
C  [awt.dll+0xcd5d7]
C  0x00000000029c8c67

Java frames: (J=compiled Java code, j=interpreted, Vv=VM code)
j  sun.awt.windows.WToolkit.eventLoop()V+0
j  sun.awt.windows.WToolkit.run()V+58
j  java.lang.Thread.run()V+11
v  ~StubRoutines::call_stub

---------------  P R O C E S S  ---------------

Java Threads: ( => current thread )
  0x0000000018cf1000 JavaThread "AWT-Shutdown" [_thread_blocked, id=11568, stack(0x000000001cdb0000,0x000000001ceb0000)]
  0x0000000018d0c800 JavaThread "Thread-0" daemon [_thread_in_native, id=9728, stack(0x000000001ccb0000,0x000000001cdb0000)]
  0x0000000019569800 JavaThread "Image Fetcher 0" daemon [_thread_blocked, id=3720, stack(0x000000001c9b0000,0x000000001cab0000)]
  0x00000000028b1000 JavaThread "DestroyJavaVM" [_thread_blocked, id=4776, stack(0x0000000002410000,0x0000000002510000)]
=>0x0000000018d0b000 JavaThread "AWT-Windows" daemon [_thread_in_native, id=3016, stack(0x0000000019ed0000,0x0000000019fd0000)]
  0x0000000018d08800 JavaThread "Java2D Disposer" daemon [_thread_blocked, id=10196, stack(0x0000000019cd0000,0x0000000019dd0000)]
  0x00000000175bd800 JavaThread "Service Thread" daemon [_thread_blocked, id=2416, stack(0x0000000019220000,0x0000000019320000)]
  0x000000001757f000 JavaThread "C1 CompilerThread2" daemon [_thread_blocked, id=2368, stack(0x0000000019120000,0x0000000019220000)]
  0x000000001757c800 JavaThread "C2 CompilerThread1" daemon [_thread_blocked, id=10456, stack(0x0000000019020000,0x0000000019120000)]
  0x0000000017577800 JavaThread "C2 CompilerThread0" daemon [_thread_blocked, id=8212, stack(0x0000000018f20000,0x0000000019020000)]
  0x0000000018963800 JavaThread "Attach Listener" daemon [_thread_blocked, id=4652, stack(0x0000000018e20000,0x0000000018f20000)]
  0x0000000018962800 JavaThread "Signal Dispatcher" daemon [_thread_blocked, id=6228, stack(0x0000000018d20000,0x0000000018e20000)]
  0x000000001754a800 JavaThread "Finalizer" daemon [_thread_blocked, id=10244, stack(0x00000000187c0000,0x00000000188c0000)]
  0x000000000299f800 JavaThread "Reference Handler" daemon [_thread_blocked, id=8748, stack(0x00000000186c0000,0x00000000187c0000)]

Other Threads:
  0x0000000017528800 VMThread [stack: 0x00000000185c0000,0x00000000186c0000] [id=6692]
  0x00000000189d2000 WatcherThread [stack: 0x0000000019320000,0x0000000019420000] [id=9908]

VM state:not at safepoint (normal execution)

VM Mutex/Monitor currently owned by a thread: None

Heap:
 PSYoungGen      total 38400K, used 9993K [0x00000000d5980000, 0x00000000d8400000, 0x0000000100000000)
  eden space 33280K, 30% used [0x00000000d5980000,0x00000000d63427a8,0x00000000d7a00000)
  from space 5120K, 0% used [0x00000000d7f00000,0x00000000d7f00000,0x00000000d8400000)
  to   space 5120K, 0% used [0x00000000d7a00000,0x00000000d7a00000,0x00000000d7f00000)
 ParOldGen       total 87552K, used 0K [0x0000000080c00000, 0x0000000086180000, 0x00000000d5980000)
  object space 87552K, 0% used [0x0000000080c00000,0x0000000080c00000,0x0000000086180000)
 Metaspace       used 10282K, capacity 10490K, committed 10880K, reserved 1058816K
  class space    used 1247K, capacity 1321K, committed 1408K, reserved 1048576K

Card table byte_map: [0x0000000011d70000,0x0000000012170000] byte_map_base: 0x000000001196a000

Marking Bits: (ParMarkBitMap*) 0x00000000701b3e30
 Begin Bits: [0x0000000012820000, 0x00000000147f0000)
 End Bits:   [0x00000000147f0000, 0x00000000167c0000)

Polling page: 0x00000000008d0000

CodeCache: size=245760Kb used=2059Kb max_used=2072Kb free=243700Kb
 bounds [0x00000000029b0000, 0x0000000002c20000, 0x00000000119b0000]
 total_blobs=883 nmethods=460 adapters=336
 compilation: enabled

Compilation events (10 events):
Event: 0.591 Thread 0x000000001757f000  458       3       java.nio.ByteBuffer::arrayOffset (35 bytes)
Event: 0.591 Thread 0x000000001757f000 nmethod 458 0x0000000002bb1e50 code [0x0000000002bb1fe0, 0x0000000002bb22f8]
Event: 0.591 Thread 0x000000001757f000  459       3       java.nio.Buffer::position (43 bytes)
Event: 0.591 Thread 0x000000001757f000 nmethod 459 0x0000000002bb1950 code [0x0000000002bb1ac0, 0x0000000002bb1d88]
Event: 0.591 Thread 0x000000001757f000  460       3       java.nio.CharBuffer::arrayOffset (35 bytes)
Event: 0.591 Thread 0x000000001757f000 nmethod 460 0x0000000002bafe50 code [0x0000000002baffe0, 0x0000000002bb02f8]
Event: 0.592 Thread 0x000000001757c800 nmethod 452 0x0000000002bb5490 code [0x0000000002bb55e0, 0x0000000002bb5af8]
Event: 0.592 Thread 0x000000001757c800  457       4       sun.nio.cs.ext.DoubleByte$Encoder::encodeChar (21 bytes)
Event: 0.592 Thread 0x000000001757c800 nmethod 457 0x0000000002bb3890 code [0x0000000002bb39e0, 0x0000000002bb3ad8]
Event: 0.596 Thread 0x0000000017577800 nmethod 455% 0x0000000002bb4810 code [0x0000000002bb4960, 0x0000000002bb51f8]

GC Heap History (0 events):
No events

Deoptimization events (0 events):
No events

Classes redefined (0 events):
No events

Internal exceptions (10 events):
Event: 0.146 Thread 0x00000000028b1000 Exception <a 'java/security/PrivilegedActionException'> (0x00000000d5af1f80) thrown at [C:\re\workspace\8-2-build-windows-amd64-cygwin\jdk8u191\11896\hotspot\src\share\vm\prims\jvm.cpp, line 1435]
Event: 0.147 Thread 0x00000000028b1000 Exception <a 'java/security/PrivilegedActionException'> (0x00000000d5af5bf0) thrown at [C:\re\workspace\8-2-build-windows-amd64-cygwin\jdk8u191\11896\hotspot\src\share\vm\prims\jvm.cpp, line 1435]
Event: 0.147 Thread 0x00000000028b1000 Exception <a 'java/security/PrivilegedActionException'> (0x00000000d5af5e00) thrown at [C:\re\workspace\8-2-build-windows-amd64-cygwin\jdk8u191\11896\hotspot\src\share\vm\prims\jvm.cpp, line 1435]
Event: 0.165 Thread 0x00000000028b1000 Exception <a 'java/io/FileNotFoundException'> (0x00000000d5b133e0) thrown at [C:\re\workspace\8-2-build-windows-amd64-cygwin\jdk8u191\11896\hotspot\src\share\vm\prims\jni.cpp, line 709]
Event: 0.197 Thread 0x00000000028b1000 Exception <a 'java/lang/NoSuchFieldError': method resolution failed> (0x00000000d5be4a78) thrown at [C:\re\workspace\8-2-build-windows-amd64-cygwin\jdk8u191\11896\hotspot\src\share\vm\prims\methodHandles.cpp, line 1167]
Event: 0.199 Thread 0x00000000028b1000 Exception <a 'java/lang/NoSuchFieldError': method resolution failed> (0x00000000d5bf1e48) thrown at [C:\re\workspace\8-2-build-windows-amd64-cygwin\jdk8u191\11896\hotspot\src\share\vm\prims\methodHandles.cpp, line 1167]
Event: 0.262 Thread 0x0000000018d0c800 Exception <a 'java/io/FileNotFoundException'> (0x00000000d5d73378) thrown at [C:\re\workspace\8-2-build-windows-amd64-cygwin\jdk8u191\11896\hotspot\src\share\vm\prims\jni.cpp, line 709]
Event: 0.589 Thread 0x0000000018d0c800 Exception <a 'java/lang/NoClassDefFoundError': com/jgoodies/common/base/Preconditions> (0x00000000d61d9020) thrown at [C:\re\workspace\8-2-build-windows-amd64-cygwin\jdk8u191\11896\hotspot\src\share\vm\classfile\systemDictionary.cpp, line 199]
Event: 0.589 Thread 0x0000000018d0c800 Exception <a 'java/lang/NoClassDefFoundError'> (0x00000000d61d9020) thrown at [C:\re\workspace\8-2-build-windows-amd64-cygwin\jdk8u191\11896\hotspot\src\share\vm\oops\instanceKlass.cpp, line 959]
Event: 0.589 Thread 0x0000000018d0c800 Exception <a 'java/lang/NoClassDefFoundError'> (0x00000000d61d9020) thrown at [C:\re\workspace\8-2-build-windows-amd64-cygwin\jdk8u191\11896\hotspot\src\share\vm\prims\jvm.cpp, line 1439]

Events (10 events):
Event: 1.693 loading class sun/awt/AWTAutoShutdown$1
Event: 1.693 loading class sun/awt/AWTAutoShutdown$1 done
Event: 1.693 Thread 0x0000000018cf1000 Thread exited: 0x0000000018cf1000
Event: 1.694 Thread 0x0000000018d0c800 Thread exited: 0x0000000018d0c800
Event: 1.694 loading class java/util/IdentityHashMap$KeyIterator
Event: 1.694 loading class java/util/IdentityHashMap$KeyIterator done
Event: 1.695 Thread 0x0000000018d0c800 Thread added: 0x0000000018d0c800
Event: 1.696 Thread 0x0000000018cf1000 Thread added: 0x0000000018cf1000
Event: 1.697 loading class sun/java2d/pipe/hw/AccelDeviceEventNotifier
Event: 1.697 loading class sun/java2d/pipe/hw/AccelDeviceEventNotifier done


Dynamic libraries:
0x00007ff657550000 - 0x00007ff657587000 	C:\Program Files\Java\jre1.8.0_191\bin\javaw.exe
0x00007ffce6ea0000 - 0x00007ffce708d000 	C:\Windows\SYSTEM32\ntdll.dll
0x00007ffce6db0000 - 0x00007ffce6e63000 	C:\Windows\System32\KERNEL32.DLL
0x00007ffce3860000 - 0x00007ffce3af3000 	C:\Windows\System32\KERNELBASE.dll
0x00007ffce4a80000 - 0x00007ffce4b23000 	C:\Windows\System32\ADVAPI32.DLL
0x00007ffce4b90000 - 0x00007ffce4c2e000 	C:\Windows\System32\msvcrt.dll
0x00007ffce4370000 - 0x00007ffce440e000 	C:\Windows\System32\sechost.dll
0x00007ffce6c10000 - 0x00007ffce6d33000 	C:\Windows\System32\RPCRT4.dll
0x00007ffce4c80000 - 0x00007ffce4e17000 	C:\Windows\System32\USER32.dll
0x00007ffce2f90000 - 0x00007ffce2fb0000 	C:\Windows\System32\win32u.dll
0x00007ffce4730000 - 0x00007ffce4759000 	C:\Windows\System32\GDI32.dll
0x00007ffce3e30000 - 0x00007ffce3fca000 	C:\Windows\System32\gdi32full.dll
0x00007ffce3d90000 - 0x00007ffce3e30000 	C:\Windows\System32\msvcp_win.dll
0x00007ffce3fd0000 - 0x00007ffce40cc000 	C:\Windows\System32\ucrtbase.dll
0x00007ffcd44b0000 - 0x00007ffcd4729000 	C:\Windows\WinSxS\amd64_microsoft.windows.common-controls_6595b64144ccf1df_6.0.17763.107_none_05b63884071e656e\COMCTL32.dll
0x00007ffce4e20000 - 0x00007ffce514e000 	C:\Windows\System32\combase.dll
0x00007ffce37e0000 - 0x00007ffce385e000 	C:\Windows\System32\bcryptPrimitives.dll
0x00007ffce4c50000 - 0x00007ffce4c7e000 	C:\Windows\System32\IMM32.DLL
0x000000006f410000 - 0x000000006f4e2000 	C:\Program Files\Java\jre1.8.0_191\bin\msvcr100.dll
0x000000006f990000 - 0x0000000070234000 	C:\Program Files\Java\jre1.8.0_191\bin\server\jvm.dll
0x00007ffce6c00000 - 0x00007ffce6c08000 	C:\Windows\System32\PSAPI.DLL
0x00007ffcd47a0000 - 0x00007ffcd47a9000 	C:\Windows\SYSTEM32\WSOCK32.dll
0x00007ffce6d40000 - 0x00007ffce6dad000 	C:\Windows\System32\WS2_32.dll
0x00007ffce1090000 - 0x00007ffce10b4000 	C:\Windows\SYSTEM32\WINMM.dll
0x00007ffcddbd0000 - 0x00007ffcddbda000 	C:\Windows\SYSTEM32\VERSION.dll
0x00007ffce0f40000 - 0x00007ffce0f6d000 	C:\Windows\SYSTEM32\winmmbase.dll
0x00007ffce3b60000 - 0x00007ffce3baa000 	C:\Windows\System32\cfgmgr32.dll
0x000000006f980000 - 0x000000006f98f000 	C:\Program Files\Java\jre1.8.0_191\bin\verify.dll
0x000000006f950000 - 0x000000006f979000 	C:\Program Files\Java\jre1.8.0_191\bin\java.dll
0x000000006f930000 - 0x000000006f946000 	C:\Program Files\Java\jre1.8.0_191\bin\zip.dll
0x00007ffce5150000 - 0x00007ffce663f000 	C:\Windows\System32\SHELL32.dll
0x00007ffce42c0000 - 0x00007ffce4368000 	C:\Windows\System32\shcore.dll
0x00007ffce3090000 - 0x00007ffce37d8000 	C:\Windows\System32\windows.storage.dll
0x00007ffce2f20000 - 0x00007ffce2f44000 	C:\Windows\System32\profapi.dll
0x00007ffce2ea0000 - 0x00007ffce2efd000 	C:\Windows\System32\powrprof.dll
0x00007ffce4b30000 - 0x00007ffce4b82000 	C:\Windows\System32\shlwapi.dll
0x00007ffce2f00000 - 0x00007ffce2f11000 	C:\Windows\System32\kernel.appcore.dll
0x00007ffce2f70000 - 0x00007ffce2f87000 	C:\Windows\System32\cryptsp.dll
0x000000006f710000 - 0x000000006f8a9000 	C:\Program Files\Java\jre1.8.0_191\bin\awt.dll
0x00007ffce4840000 - 0x00007ffce490b000 	C:\Windows\System32\OLEAUT32.dll
0x00007ffce1190000 - 0x00007ffce121c000 	C:\Windows\SYSTEM32\apphelp.dll
0x00007ffce1340000 - 0x00007ffce13dc000 	C:\Windows\system32\uxtheme.dll
0x00007ffce4910000 - 0x00007ffce4a7a000 	C:\Windows\System32\MSCTF.dll
0x00007ffce15c0000 - 0x00007ffce15ee000 	C:\Windows\system32\dwmapi.dll
0x00007ffce3bb0000 - 0x00007ffce3d8b000 	C:\Windows\System32\CRYPT32.dll
0x00007ffce2f50000 - 0x00007ffce2f62000 	C:\Windows\System32\MSASN1.dll
0x00007ffce45c0000 - 0x00007ffce4715000 	C:\Windows\System32\ole32.dll
0x00007ffcacb20000 - 0x00007ffcacc47000 	C:\Windows\system32\opengl32.dll
0x00007ffcc0dd0000 - 0x00007ffcc0dfc000 	C:\Windows\SYSTEM32\GLU32.dll
0x00007ffcb3f10000 - 0x00007ffcb40ae000 	C:\Windows\system32\d3d9.dll
0x00007ffcddbe0000 - 0x00007ffcddd38000 	C:\Windows\SYSTEM32\aticfx64.dll
0x00007ffcb3ee0000 - 0x00007ffcb3f01000 	C:\Windows\SYSTEM32\atiu9p64.dll
0x00007ffcb36a0000 - 0x00007ffcb3edf000 	C:\Windows\SYSTEM32\atiumd64.dll
0x00000000703b0000 - 0x0000000070c12000 	C:\Windows\SYSTEM32\atiumd6a.dll
0x00007ffcac740000 - 0x00007ffcac92d000 	C:\Windows\SYSTEM32\dbghelp.dll

VM Arguments:
jvm_args: -Dfile.encoding=GBK 
java_command: com.java1234.view.LogOnFrm
java_class_path (initial): E:\workspace\BookManager\bin;E:\workspace\BookManager\jdbc\mysql-connector-java-5.1.36.jar;E:\workspace\BookManager\jgoodies-forms-1.8.0.jar
Launcher Type: SUN_STANDARD

Environment Variables:
JAVA_HOME=C:\Program Files\Java\jdk1.8.0_191
CLASSPATH=.;C:\Program Files\Java\jdk1.8.0_191\lib;C:\Program Files\Java\jdk1.8.0_191\lib\tools.jar
PATH=C:/Program Files/Java/jre1.8.0_191/bin/server;C:/Program Files/Java/jre1.8.0_191/bin;C:/Program Files/Java/jre1.8.0_191/lib/amd64;C:\Program Files (x86)\Common Files\Oracle\Java\javapath;C:\Windows\system32;C:\Windows;C:\Windows\System32\Wbem;C:\Windows\System32\WindowsPowerShell\v1.0\;C:\Windows\System32\OpenSSH\;C:\Program Files (x86)\ATI Technologies\ATI.ACE\Core-Static;C:\Program Files\Java\jdk1.8.0_191\bin;C:\Program Files\Java\jdk1.8.0_191\jre\bin;C:\Users\Administrator\AppData\Local\Microsoft\WindowsApps;;D:\eclipse;
USERNAME=Administrator
OS=Windows_NT
PROCESSOR_IDENTIFIER=Intel64 Family 6 Model 60 Stepping 3, GenuineIntel



---------------  S Y S T E M  ---------------

OS: Windows 10.0 , 64 bit Build 17763 (10.0.17763.1)

CPU:total 4 (initial active 4) (4 cores per cpu, 1 threads per core) family 6 model 60 stepping 3, cmov, cx8, fxsr, mmx, sse, sse2, sse3, ssse3, sse4.1, sse4.2, popcnt, avx, avx2, aes, clmul, erms, lzcnt, tsc, tscinvbit, bmi1, bmi2

Memory: 4k page, physical 8334196k(4224984k free), swap 10300276k(4682064k free)

vm_info: Java HotSpot(TM) 64-Bit Server VM (25.191-b12) for windows-amd64 JRE (1.8.0_191-b12), built on Oct  6 2018 09:29:03 by "java_re" with MS VC++ 10.0 (VS2010)

time: Tue May 21 14:18:02 2019
elapsed time: 2 seconds (0d 0h 0m 2s)

