#
# A fatal error has been detected by the Java Runtime Environment:
#
#  EXCEPTION_ACCESS_VIOLATION (0xc0000005) at pc=0x00007ffce6eb982b, pid=10196, tid=0x0000000000002f60
#
# JRE version: Java(TM) SE Runtime Environment (8.0_191-b12) (build 1.8.0_191-b12)
# Java VM: Java HotSpot(TM) 64-Bit Server VM (25.191-b12 mixed mode windows-amd64 compressed oops)
# Problematic frame:
# C  [ntdll.dll+0x1982b]
#
# Failed to write core dump. Minidumps are not enabled by default on client versions of Windows
#
# If you would like to submit a bug report, please visit:
#   http://bugreport.java.com/bugreport/crash.jsp
# The crash happened outside the Java Virtual Machine in native code.
# See problematic frame for where to report the bug.
#

---------------  T H R E A D  ---------------

Current thread (0x000000001a055000):  JavaThread "AWT-Windows" daemon [_thread_in_native, id=12128, stack(0x000000001a9e0000,0x000000001aae0000)]

siginfo: ExceptionCode=0xc0000005, writing address 0x0000000000000024

Registers:
RAX=0xffffffffffffffff, RBX=0x000000001ae6ac40, RCX=0x0000000000000000, RDX=0xffffffffffffffff
RSP=0x000000001aadec30, RBP=0x0000000000000001, RSI=0x0000000000000000, RDI=0x0000000000000000
R8 =0x00000000fffffffa, R9 =0x000000001c8aa100, R10=0x00000000ffffff00, R11=0x000000001aadeab0
R12=0x0000000000000000, R13=0xffffffffffffffff, R14=0x00000000010ff000, R15=0x0000000000000000
RIP=0x00007ffce6eb982b, EFLAGS=0x0000000000010213

Top of Stack: (sp=0x000000001aadec30)
0x000000001aadec30:   ffffffffffffffff 000000001ae6ac40
0x000000001aadec40:   000000001ae4aac0 000000001aadece8
0x000000001aadec50:   000000001ae4f268 0000000000000000
0x000000001aadec60:   0000000000000000 0000000000000001
0x000000001aadec70:   0000000017afcc48 0000000000000000
0x000000001aadec80:   0000000000000000 000000001ae6a900
0x000000001aadec90:   0000000000000001 00007ffce6eb5fdc
0x000000001aadeca0:   000000001ae48000 00000000fffffffa
0x000000001aadecb0:   00000000010ff000 000000001ae6ac40
0x000000001aadecc0:   0000000000000000 00007ffce6eb5ef0
0x000000001aadecd0:   000000001ae48068 0000000000000000
0x000000001aadece0:   000000001ae6a9b0 000000001ae65988
0x000000001aadecf0:   000000001ae65988 00007ffcb36f9c30
0x000000001aaded00:   00000000400001c0 000000001ae48068
0x000000001aaded10:   000000001ae6a9b0 000000001ae6a810
0x000000001aaded20:   000000001a055000 000000001ae60f38 

Instructions: (pc=0x00007ffce6eb982b)
0x00007ffce6eb980b:   45 f7 48 39 7b 18 0f 84 bc 00 00 00 48 8b 0b 49
0x00007ffce6eb981b:   3b cd 0f 84 bd 00 00 00 44 8b e7 49 3b cd 74 03
0x00007ffce6eb982b:   ff 41 24 4c 8b 6b 18 48 8d 2d bf 5c 14 00 45 33
0x00007ffce6eb983b:   f6 e8 ff 54 ff ff 85 c0 0f 85 0f 53 09 00 b9 82 


Register to memory mapping:

RAX=0xffffffffffffffff is an unknown value
RBX=0x000000001ae6ac40 is an unknown value
RCX=0x0000000000000000 is an unknown value
RDX=0xffffffffffffffff is an unknown value
RSP=0x000000001aadec30 is pointing into the stack for thread: 0x000000001a055000
RBP=0x0000000000000001 is an unknown value
RSI=0x0000000000000000 is an unknown value
RDI=0x0000000000000000 is an unknown value
R8 =0x00000000fffffffa is an unallocated location in the heap
R9 =0x000000001c8aa100 is an unknown value
R10=0x00000000ffffff00 is an unallocated location in the heap
R11=0x000000001aadeab0 is pointing into the stack for thread: 0x000000001a055000
R12=0x0000000000000000 is an unknown value
R13=0xffffffffffffffff is an unknown value
R14=0x00000000010ff000 is an unknown value
R15=0x0000000000000000 is an unknown value


Stack: [0x000000001a9e0000,0x000000001aae0000],  sp=0x000000001aadec30,  free space=1019k
Native frames: (J=compiled Java code, j=interpreted, Vv=VM code, C=native code)
C  [ntdll.dll+0x1982b]
C  [ntdll.dll+0x15fdc]
C  [ntdll.dll+0x15ef0]
C  [atiumd64.dll+0x59c30]
C  [atiumd64.dll+0x5a806]
C  [atiumd64.dll+0x1a9af]
C  [atiumd64.dll+0x1ee0]
C  [atiu9p64.dll+0x630d]
C  [d3d9.dll+0xa8f1]
C  [d3d9.dll+0xa6b5]
C  [d3d9.dll+0x338c]
C  [d3d9.dll+0x12fe]
C  [d3d9.dll+0x2de1a]
C  [awt.dll+0x19c57]
C  [awt.dll+0x15926]
C  [awt.dll+0x1d597]
C  [awt.dll+0x1f309]
C  [awt.dll+0xccaed]
C  [awt.dll+0xcd101]
C  [awt.dll+0xcd5d7]
C  0x00000000034d8c67

Java frames: (J=compiled Java code, j=interpreted, Vv=VM code)
j  sun.awt.windows.WToolkit.eventLoop()V+0
j  sun.awt.windows.WToolkit.run()V+58
j  java.lang.Thread.run()V+11
v  ~StubRoutines::call_stub

---------------  P R O C E S S  ---------------

Java Threads: ( => current thread )
  0x000000001a49b000 JavaThread "Thread-0" daemon [_thread_in_native, id=11452, stack(0x000000001fef0000,0x000000001fff0000)]
  0x0000000019744000 JavaThread "Abandoned connection cleanup thread" daemon [_thread_blocked, id=6512, stack(0x000000001ee20000,0x000000001ef20000)]
  0x000000001a36b800 JavaThread "TimerQueue" daemon [_thread_blocked, id=4356, stack(0x000000001ed20000,0x000000001ee20000)]
  0x00000000033c1000 JavaThread "DestroyJavaVM" [_thread_blocked, id=10740, stack(0x00000000032c0000,0x00000000033c0000)]
  0x000000001982b000 JavaThread "AWT-EventQueue-0" [_thread_blocked, id=6292, stack(0x000000001acb0000,0x000000001adb0000)]
=>0x000000001a055000 JavaThread "AWT-Windows" daemon [_thread_in_native, id=12128, stack(0x000000001a9e0000,0x000000001aae0000)]
  0x000000001a052000 JavaThread "AWT-Shutdown" [_thread_blocked, id=2160, stack(0x000000001a8e0000,0x000000001a9e0000)]
  0x000000001a051800 JavaThread "Java2D Disposer" daemon [_thread_blocked, id=11928, stack(0x000000001a7e0000,0x000000001a8e0000)]
  0x00000000180ce000 JavaThread "Service Thread" daemon [_thread_blocked, id=10264, stack(0x0000000019d30000,0x0000000019e30000)]
  0x0000000018092800 JavaThread "C1 CompilerThread2" daemon [_thread_blocked, id=340, stack(0x0000000019c30000,0x0000000019d30000)]
  0x000000001808b000 JavaThread "C2 CompilerThread1" daemon [_thread_blocked, id=11280, stack(0x0000000019b30000,0x0000000019c30000)]
  0x0000000018088000 JavaThread "C2 CompilerThread0" daemon [_thread_blocked, id=3256, stack(0x0000000019a30000,0x0000000019b30000)]
  0x0000000019473800 JavaThread "Attach Listener" daemon [_thread_blocked, id=11936, stack(0x0000000019930000,0x0000000019a30000)]
  0x0000000019472800 JavaThread "Signal Dispatcher" daemon [_thread_blocked, id=2112, stack(0x0000000019830000,0x0000000019930000)]
  0x0000000018059000 JavaThread "Finalizer" daemon [_thread_blocked, id=12212, stack(0x00000000192c0000,0x00000000193c0000)]
  0x00000000034b1000 JavaThread "Reference Handler" daemon [_thread_blocked, id=10964, stack(0x00000000191c0000,0x00000000192c0000)]

Other Threads:
  0x0000000018037800 VMThread [stack: 0x00000000190c0000,0x00000000191c0000] [id=1644]
  0x00000000194da800 WatcherThread [stack: 0x0000000019e30000,0x0000000019f30000] [id=10132]

VM state:not at safepoint (normal execution)

VM Mutex/Monitor currently owned by a thread: None

Heap:
 PSYoungGen      total 38400K, used 24441K [0x00000000d5980000, 0x00000000d8400000, 0x0000000100000000)
  eden space 33280K, 73% used [0x00000000d5980000,0x00000000d715e560,0x00000000d7a00000)
  from space 5120K, 0% used [0x00000000d7f00000,0x00000000d7f00000,0x00000000d8400000)
  to   space 5120K, 0% used [0x00000000d7a00000,0x00000000d7a00000,0x00000000d7f00000)
 ParOldGen       total 87552K, used 0K [0x0000000080c00000, 0x0000000086180000, 0x00000000d5980000)
  object space 87552K, 0% used [0x0000000080c00000,0x0000000080c00000,0x0000000086180000)
 Metaspace       used 15227K, capacity 15414K, committed 15744K, reserved 1062912K
  class space    used 1831K, capacity 1906K, committed 1920K, reserved 1048576K

Card table byte_map: [0x0000000012880000,0x0000000012c80000] byte_map_base: 0x000000001247a000

Marking Bits: (ParMarkBitMap*) 0x00000000701b3e30
 Begin Bits: [0x0000000013330000, 0x0000000015300000)
 End Bits:   [0x0000000015300000, 0x00000000172d0000)

Polling page: 0x0000000001340000

CodeCache: size=245760Kb used=4845Kb max_used=4852Kb free=240914Kb
 bounds [0x00000000034c0000, 0x0000000003980000, 0x00000000124c0000]
 total_blobs=2029 nmethods=1454 adapters=487
 compilation: enabled

Compilation events (10 events):
Event: 23.467 Thread 0x0000000018092800 nmethod 1449 0x0000000003976710 code [0x0000000003976860, 0x0000000003976970]
Event: 23.481 Thread 0x000000001808b000 nmethod 1447 0x000000000397d750 code [0x000000000397d900, 0x000000000397e548]
Event: 24.129 Thread 0x0000000018092800 1453       3       java.beans.PropertyChangeSupport::fire (39 bytes)
Event: 24.130 Thread 0x0000000018092800 nmethod 1453 0x0000000003976110 code [0x0000000003976280, 0x00000000039765a8]
Event: 24.131 Thread 0x0000000018092800 1451       3       java.beans.PropertyChangeSupport::firePropertyChange (35 bytes)
Event: 24.133 Thread 0x0000000018092800 nmethod 1451 0x000000000397cc10 code [0x000000000397cdc0, 0x000000000397d468]
Event: 24.133 Thread 0x0000000018092800 1452       3       java.beans.PropertyChangeEvent::<init> (22 bytes)
Event: 24.138 Thread 0x0000000018092800 nmethod 1452 0x000000000397c590 code [0x000000000397c720, 0x000000000397ca88]
Event: 25.694 Thread 0x0000000018092800 1454       3       java.util.HashSet::clear (8 bytes)
Event: 25.695 Thread 0x0000000018092800 nmethod 1454 0x0000000003975c10 code [0x0000000003975d80, 0x0000000003975fa8]

GC Heap History (0 events):
No events

Deoptimization events (10 events):
Event: 3.351 Thread 0x000000001982b000 Uncommon trap: reason=class_check action=maybe_recompile pc=0x0000000003630c54 method=java.lang.String.equals(Ljava/lang/Object;)Z @ 8
Event: 3.503 Thread 0x000000001982b000 Uncommon trap: reason=class_check action=maybe_recompile pc=0x0000000003630c54 method=java.lang.String.equals(Ljava/lang/Object;)Z @ 8
Event: 3.503 Thread 0x000000001982b000 Uncommon trap: reason=class_check action=maybe_recompile pc=0x0000000003630c54 method=java.lang.String.equals(Ljava/lang/Object;)Z @ 8
Event: 5.441 Thread 0x000000001982b000 Uncommon trap: reason=bimorphic action=maybe_recompile pc=0x00000000036cc238 method=java.util.HashMap.getNode(ILjava/lang/Object;)Ljava/util/HashMap$Node; @ 126
Event: 5.441 Thread 0x000000001982b000 Uncommon trap: reason=bimorphic action=maybe_recompile pc=0x00000000036cc238 method=java.util.HashMap.getNode(ILjava/lang/Object;)Ljava/util/HashMap$Node; @ 126
Event: 5.446 Thread 0x000000001982b000 Uncommon trap: reason=bimorphic action=maybe_recompile pc=0x00000000036cc238 method=java.util.HashMap.getNode(ILjava/lang/Object;)Ljava/util/HashMap$Node; @ 126
Event: 5.447 Thread 0x000000001982b000 Uncommon trap: reason=bimorphic action=maybe_recompile pc=0x00000000036cc238 method=java.util.HashMap.getNode(ILjava/lang/Object;)Ljava/util/HashMap$Node; @ 126
Event: 5.599 Thread 0x000000001982b000 Uncommon trap: reason=unstable_if action=reinterpret pc=0x00000000037e27a4 method=java.util.Properties$LineReader.readLine()I @ 252
Event: 5.694 Thread 0x000000001982b000 Uncommon trap: reason=unstable_if action=reinterpret pc=0x0000000003710010 method=java.lang.String.indexOf([CII[CIII)I @ 3
Event: 5.696 Thread 0x000000001982b000 Uncommon trap: reason=bimorphic action=maybe_recompile pc=0x00000000036b0024 method=java.util.HashMap.getNode(ILjava/lang/Object;)Ljava/util/HashMap$Node; @ 126

Classes redefined (0 events):
No events

Internal exceptions (10 events):
Event: 0.153 Thread 0x00000000033c1000 Exception <a 'java/security/PrivilegedActionException'> (0x00000000d5af5288) thrown at [C:\re\workspace\8-2-build-windows-amd64-cygwin\jdk8u191\11896\hotspot\src\share\vm\prims\jvm.cpp, line 1435]
Event: 0.153 Thread 0x00000000033c1000 Exception <a 'java/security/PrivilegedActionException'> (0x00000000d5af5498) thrown at [C:\re\workspace\8-2-build-windows-amd64-cygwin\jdk8u191\11896\hotspot\src\share\vm\prims\jvm.cpp, line 1435]
Event: 0.154 Thread 0x00000000033c1000 Exception <a 'java/security/PrivilegedActionException'> (0x00000000d5af9108) thrown at [C:\re\workspace\8-2-build-windows-amd64-cygwin\jdk8u191\11896\hotspot\src\share\vm\prims\jvm.cpp, line 1435]
Event: 0.154 Thread 0x00000000033c1000 Exception <a 'java/security/PrivilegedActionException'> (0x00000000d5af9318) thrown at [C:\re\workspace\8-2-build-windows-amd64-cygwin\jdk8u191\11896\hotspot\src\share\vm\prims\jvm.cpp, line 1435]
Event: 0.173 Thread 0x00000000033c1000 Exception <a 'java/io/FileNotFoundException'> (0x00000000d5b16d18) thrown at [C:\re\workspace\8-2-build-windows-amd64-cygwin\jdk8u191\11896\hotspot\src\share\vm\prims\jni.cpp, line 709]
Event: 0.209 Thread 0x00000000033c1000 Exception <a 'java/lang/NoSuchFieldError': method resolution failed> (0x00000000d5be7fe8) thrown at [C:\re\workspace\8-2-build-windows-amd64-cygwin\jdk8u191\11896\hotspot\src\share\vm\prims\methodHandles.cpp, line 1167]
Event: 0.210 Thread 0x00000000033c1000 Exception <a 'java/lang/NoSuchFieldError': method resolution failed> (0x00000000d5bf53b8) thrown at [C:\re\workspace\8-2-build-windows-amd64-cygwin\jdk8u191\11896\hotspot\src\share\vm\prims\methodHandles.cpp, line 1167]
Event: 0.279 Thread 0x000000001982b000 Exception <a 'java/io/FileNotFoundException'> (0x00000000d5d73078) thrown at [C:\re\workspace\8-2-build-windows-amd64-cygwin\jdk8u191\11896\hotspot\src\share\vm\prims\jni.cpp, line 709]
Event: 0.565 Thread 0x000000001982b000 Exception <a 'java/io/FileNotFoundException'> (0x00000000d620b430) thrown at [C:\re\workspace\8-2-build-windows-amd64-cygwin\jdk8u191\11896\hotspot\src\share\vm\prims\jni.cpp, line 709]
Event: 0.565 Thread 0x000000001982b000 Exception <a 'java/lang/NullPointerException'> (0x00000000d620ba68) thrown at [C:\re\workspace\8-2-build-windows-amd64-cygwin\jdk8u191\11896\hotspot\src\share\vm\interpreter\linkResolver.cpp, line 1185]

Events (10 events):
Event: 20.724 Executing VM operation: RevokeBias
Event: 20.724 Executing VM operation: RevokeBias done
Event: 24.172 Executing VM operation: BulkRevokeBias
Event: 24.172 Executing VM operation: BulkRevokeBias done
Event: 26.862 Thread 0x000000001a49b000 Thread added: 0x000000001a49b000
Event: 26.862 Thread 0x000000001a49d800 Thread added: 0x000000001a49d800
Event: 26.863 Thread 0x000000001a49d800 Thread exited: 0x000000001a49d800
Event: 26.863 Thread 0x000000001a330800 Thread exited: 0x000000001a330800
Event: 26.863 loading class sun/java2d/pipe/hw/AccelDeviceEventNotifier
Event: 26.863 loading class sun/java2d/pipe/hw/AccelDeviceEventNotifier done


Dynamic libraries:
0x00007ff657550000 - 0x00007ff657587000 	C:\Program Files\Java\jre1.8.0_191\bin\javaw.exe
0x00007ffce6ea0000 - 0x00007ffce708d000 	C:\Windows\SYSTEM32\ntdll.dll
0x00007ffce6db0000 - 0x00007ffce6e63000 	C:\Windows\System32\KERNEL32.DLL
0x00007ffce3860000 - 0x00007ffce3af3000 	C:\Windows\System32\KERNELBASE.dll
0x00007ffce4a80000 - 0x00007ffce4b23000 	C:\Windows\System32\ADVAPI32.DLL
0x00007ffce4b90000 - 0x00007ffce4c2e000 	C:\Windows\System32\msvcrt.dll
0x00007ffce4370000 - 0x00007ffce440e000 	C:\Windows\System32\sechost.dll
0x00007ffce6c10000 - 0x00007ffce6d33000 	C:\Windows\System32\RPCRT4.dll
0x00007ffce4c80000 - 0x00007ffce4e17000 	C:\Windows\System32\USER32.dll
0x00007ffce2f90000 - 0x00007ffce2fb0000 	C:\Windows\System32\win32u.dll
0x00007ffce4730000 - 0x00007ffce4759000 	C:\Windows\System32\GDI32.dll
0x00007ffce3e30000 - 0x00007ffce3fca000 	C:\Windows\System32\gdi32full.dll
0x00007ffce3d90000 - 0x00007ffce3e30000 	C:\Windows\System32\msvcp_win.dll
0x00007ffce3fd0000 - 0x00007ffce40cc000 	C:\Windows\System32\ucrtbase.dll
0x00007ffcd44b0000 - 0x00007ffcd4729000 	C:\Windows\WinSxS\amd64_microsoft.windows.common-controls_6595b64144ccf1df_6.0.17763.107_none_05b63884071e656e\COMCTL32.dll
0x00007ffce4e20000 - 0x00007ffce514e000 	C:\Windows\System32\combase.dll
0x00007ffce37e0000 - 0x00007ffce385e000 	C:\Windows\System32\bcryptPrimitives.dll
0x00007ffce4c50000 - 0x00007ffce4c7e000 	C:\Windows\System32\IMM32.DLL
0x000000006f410000 - 0x000000006f4e2000 	C:\Program Files\Java\jre1.8.0_191\bin\msvcr100.dll
0x000000006f990000 - 0x0000000070234000 	C:\Program Files\Java\jre1.8.0_191\bin\server\jvm.dll
0x00007ffce6c00000 - 0x00007ffce6c08000 	C:\Windows\System32\PSAPI.DLL
0x00007ffcd47a0000 - 0x00007ffcd47a9000 	C:\Windows\SYSTEM32\WSOCK32.dll
0x00007ffce6d40000 - 0x00007ffce6dad000 	C:\Windows\System32\WS2_32.dll
0x00007ffce1090000 - 0x00007ffce10b4000 	C:\Windows\SYSTEM32\WINMM.dll
0x00007ffcddbd0000 - 0x00007ffcddbda000 	C:\Windows\SYSTEM32\VERSION.dll
0x00007ffce0f40000 - 0x00007ffce0f6d000 	C:\Windows\SYSTEM32\winmmbase.dll
0x00007ffce3b60000 - 0x00007ffce3baa000 	C:\Windows\System32\cfgmgr32.dll
0x000000006f980000 - 0x000000006f98f000 	C:\Program Files\Java\jre1.8.0_191\bin\verify.dll
0x000000006f950000 - 0x000000006f979000 	C:\Program Files\Java\jre1.8.0_191\bin\java.dll
0x000000006f930000 - 0x000000006f946000 	C:\Program Files\Java\jre1.8.0_191\bin\zip.dll
0x00007ffce5150000 - 0x00007ffce663f000 	C:\Windows\System32\SHELL32.dll
0x00007ffce42c0000 - 0x00007ffce4368000 	C:\Windows\System32\shcore.dll
0x00007ffce3090000 - 0x00007ffce37d8000 	C:\Windows\System32\windows.storage.dll
0x00007ffce2f20000 - 0x00007ffce2f44000 	C:\Windows\System32\profapi.dll
0x00007ffce2ea0000 - 0x00007ffce2efd000 	C:\Windows\System32\powrprof.dll
0x00007ffce4b30000 - 0x00007ffce4b82000 	C:\Windows\System32\shlwapi.dll
0x00007ffce2f00000 - 0x00007ffce2f11000 	C:\Windows\System32\kernel.appcore.dll
0x00007ffce2f70000 - 0x00007ffce2f87000 	C:\Windows\System32\cryptsp.dll
0x000000006f710000 - 0x000000006f8a9000 	C:\Program Files\Java\jre1.8.0_191\bin\awt.dll
0x00007ffce4840000 - 0x00007ffce490b000 	C:\Windows\System32\OLEAUT32.dll
0x00007ffce1190000 - 0x00007ffce121c000 	C:\Windows\SYSTEM32\apphelp.dll
0x00007ffce1340000 - 0x00007ffce13dc000 	C:\Windows\system32\uxtheme.dll
0x00007ffce4910000 - 0x00007ffce4a7a000 	C:\Windows\System32\MSCTF.dll
0x00007ffce15c0000 - 0x00007ffce15ee000 	C:\Windows\system32\dwmapi.dll
0x00007ffce3bb0000 - 0x00007ffce3d8b000 	C:\Windows\System32\CRYPT32.dll
0x00007ffce2f50000 - 0x00007ffce2f62000 	C:\Windows\System32\MSASN1.dll
0x00007ffce45c0000 - 0x00007ffce4715000 	C:\Windows\System32\ole32.dll
0x00007ffcacb20000 - 0x00007ffcacc47000 	C:\Windows\system32\opengl32.dll
0x00007ffcc0dd0000 - 0x00007ffcc0dfc000 	C:\Windows\SYSTEM32\GLU32.dll
0x00007ffcb3f10000 - 0x00007ffcb40ae000 	C:\Windows\system32\d3d9.dll
0x00007ffcddbe0000 - 0x00007ffcddd38000 	C:\Windows\SYSTEM32\aticfx64.dll
0x00007ffcb3ee0000 - 0x00007ffcb3f01000 	C:\Windows\SYSTEM32\atiu9p64.dll
0x00007ffcb36a0000 - 0x00007ffcb3edf000 	C:\Windows\SYSTEM32\atiumd64.dll
0x00000000703b0000 - 0x0000000070c12000 	C:\Windows\SYSTEM32\atiumd6a.dll
0x000000006f6c0000 - 0x000000006f707000 	C:\Program Files\Java\jre1.8.0_191\bin\fontmanager.dll
0x00007ffce6b50000 - 0x00007ffce6bf2000 	C:\Windows\System32\clbcatq.dll
0x00007ffcde160000 - 0x00007ffcde318000 	C:\Windows\SYSTEM32\WindowsCodecs.dll
0x00007ffccd6f0000 - 0x00007ffccd746000 	C:\Windows\system32\dataexchange.dll
0x00007ffce0a00000 - 0x00007ffce0bc3000 	C:\Windows\system32\dcomp.dll
0x00007ffcdff80000 - 0x00007ffce01fe000 	C:\Windows\system32\d3d11.dll
0x00007ffce1c30000 - 0x00007ffce1cf2000 	C:\Windows\system32\dxgi.dll
0x00007ffce16d0000 - 0x00007ffce18dd000 	C:\Windows\system32\twinapi.appcore.dll
0x00007ffce16a0000 - 0x00007ffce16c8000 	C:\Windows\system32\RMCLIENT.dll
0x000000006f910000 - 0x000000006f92a000 	C:\Program Files\Java\jre1.8.0_191\bin\net.dll
0x00007ffce2730000 - 0x00007ffce2797000 	C:\Windows\system32\mswsock.dll
0x000000006f8f0000 - 0x000000006f901000 	C:\Program Files\Java\jre1.8.0_191\bin\nio.dll
0x000000006f4f0000 - 0x000000006f532000 	C:\Program Files\Java\jre1.8.0_191\bin\t2k.dll
0x00007ffcd9840000 - 0x00007ffcd98d5000 	C:\Windows\System32\TextInputFramework.dll
0x00007ffcde500000 - 0x00007ffcde822000 	C:\Windows\System32\CoreUIComponents.dll
0x00007ffce0910000 - 0x00007ffce09f2000 	C:\Windows\System32\CoreMessaging.dll
0x00007ffce1ff0000 - 0x00007ffce2021000 	C:\Windows\SYSTEM32\ntmarta.dll
0x00007ffcdee40000 - 0x00007ffcdef93000 	C:\Windows\SYSTEM32\wintypes.dll
0x00007ffcd4920000 - 0x00007ffcd497f000 	C:\Windows\system32\IME\QQWubiTSF\QQWubiTSF.dll
0x00007ffcdfad0000 - 0x00007ffcdfae3000 	C:\Windows\SYSTEM32\WTSAPI32.dll
0x00007ffcad690000 - 0x00007ffcadbe7000 	C:\Windows\system32\IME\QQWubiTSF\QQWubi.ime
0x00007ffcdf8c0000 - 0x00007ffcdf8c7000 	C:\Windows\SYSTEM32\MSIMG32.dll
0x00007ffcd3560000 - 0x00007ffcd3577000 	C:\Windows\SYSTEM32\NETAPI32.dll
0x00007ffce25a0000 - 0x00007ffce25ae000 	C:\Windows\SYSTEM32\NETUTILS.DLL
0x00007ffcdf3c0000 - 0x00007ffcdf3d7000 	C:\Windows\SYSTEM32\WKSCLI.DLL
0x00007ffce3060000 - 0x00007ffce3086000 	C:\Windows\System32\bcrypt.dll
0x00007ffcd39a0000 - 0x00007ffcd39c0000 	C:\Program Files\iFly Info Tek\2.1.1611\x64\iFlyIMEQuickLaunch.dll
0x0000000070ea0000 - 0x0000000070f38000 	C:\Windows\SYSTEM32\MSVCP100.dll
0x00007ffce24d0000 - 0x00007ffce2596000 	C:\Windows\SYSTEM32\DNSAPI.dll
0x00007ffce6640000 - 0x00007ffce6648000 	C:\Windows\System32\NSI.dll
0x00007ffce2490000 - 0x00007ffce24cd000 	C:\Windows\SYSTEM32\IPHLPAPI.DLL
0x00007ffcdb700000 - 0x00007ffcdb70a000 	C:\Windows\System32\rasadhlp.dll
0x00007ffcdbea0000 - 0x00007ffcdbf19000 	C:\Windows\System32\fwpuclnt.dll
0x00007ffcac740000 - 0x00007ffcac92d000 	C:\Windows\SYSTEM32\dbghelp.dll

VM Arguments:
jvm_args: -Dfile.encoding=GBK 
java_command: com.java1234.view.LogOnFrm
java_class_path (initial): E:\workspace\BookManager\bin;E:\workspace\BookManager\jdbc\mysql-connector-java-5.1.36.jar;E:\workspace\BookManager\jgoodies-forms-1.8.0.jar
Launcher Type: SUN_STANDARD

Environment Variables:
JAVA_HOME=C:\Program Files\Java\jdk1.8.0_191
CLASSPATH=.;C:\Program Files\Java\jdk1.8.0_191\lib;C:\Program Files\Java\jdk1.8.0_191\lib\tools.jar
PATH=C:/Program Files/Java/jre1.8.0_191/bin/server;C:/Program Files/Java/jre1.8.0_191/bin;C:/Program Files/Java/jre1.8.0_191/lib/amd64;C:\Program Files (x86)\Common Files\Oracle\Java\javapath;C:\Windows\system32;C:\Windows;C:\Windows\System32\Wbem;C:\Windows\System32\WindowsPowerShell\v1.0\;C:\Windows\System32\OpenSSH\;C:\Program Files (x86)\ATI Technologies\ATI.ACE\Core-Static;C:\Program Files\Java\jdk1.8.0_191\bin;C:\Program Files\Java\jdk1.8.0_191\jre\bin;C:\Users\Administrator\AppData\Local\Microsoft\WindowsApps;;D:\eclipse;
USERNAME=Administrator
OS=Windows_NT
PROCESSOR_IDENTIFIER=Intel64 Family 6 Model 60 Stepping 3, GenuineIntel



---------------  S Y S T E M  ---------------

OS: Windows 10.0 , 64 bit Build 17763 (10.0.17763.1)

CPU:total 4 (initial active 4) (4 cores per cpu, 1 threads per core) family 6 model 60 stepping 3, cmov, cx8, fxsr, mmx, sse, sse2, sse3, ssse3, sse4.1, sse4.2, popcnt, avx, avx2, aes, clmul, erms, lzcnt, tsc, tscinvbit, bmi1, bmi2

Memory: 4k page, physical 8334196k(4226816k free), swap 10300276k(4464456k free)

vm_info: Java HotSpot(TM) 64-Bit Server VM (25.191-b12) for windows-amd64 JRE (1.8.0_191-b12), built on Oct  6 2018 09:29:03 by "java_re" with MS VC++ 10.0 (VS2010)

time: Tue May 21 15:57:09 2019
elapsed time: 26 seconds (0d 0h 0m 26s)

