#
# A fatal error has been detected by the Java Runtime Environment:
#
#  EXCEPTION_ACCESS_VIOLATION (0xc0000005) at pc=0x00007ffce6eb982b, pid=11220, tid=0x000000000000041c
#
# JRE version: Java(TM) SE Runtime Environment (8.0_191-b12) (build 1.8.0_191-b12)
# Java VM: Java HotSpot(TM) 64-Bit Server VM (25.191-b12 mixed mode windows-amd64 compressed oops)
# Problematic frame:
# C  [ntdll.dll+0x1982b]
#
# Failed to write core dump. Minidumps are not enabled by default on client versions of Windows
#
# If you would like to submit a bug report, please visit:
#   http://bugreport.java.com/bugreport/crash.jsp
# The crash happened outside the Java Virtual Machine in native code.
# See problematic frame for where to report the bug.
#

---------------  T H R E A D  ---------------

Current thread (0x0000000019ba6000):  JavaThread "AWT-Windows" daemon [_thread_in_native, id=1052, stack(0x000000001a560000,0x000000001a660000)]

siginfo: ExceptionCode=0xc0000005, writing address 0x0000000000000024

Registers:
RAX=0xffffffffffffffff, RBX=0x000000001a8eac40, RCX=0x0000000000000000, RDX=0xffffffffffffffff
RSP=0x000000001a65ee20, RBP=0x0000000000000001, RSI=0x0000000000000000, RDI=0x0000000000000000
R8 =0x00000000fffffffa, R9 =0x000000001c25a100, R10=0x00000000ffffff00, R11=0x000000001a65eca0
R12=0x0000000000000000, R13=0xffffffffffffffff, R14=0x0000000000a67000, R15=0x0000000000000000
RIP=0x00007ffce6eb982b, EFLAGS=0x0000000000010213

Top of Stack: (sp=0x000000001a65ee20)
0x000000001a65ee20:   ffffffffffffffff 000000001a8eac40
0x000000001a65ee30:   000000001a8caac0 000000001a65eed8
0x000000001a65ee40:   000000001a8cf268 0000000000000000
0x000000001a65ee50:   0000000000000000 0000000000000001
0x000000001a65ee60:   000000001778cc48 0000000000000000
0x000000001a65ee70:   0000000000000000 000000001a8ea900
0x000000001a65ee80:   0000000000000001 00007ffce6eb5fdc
0x000000001a65ee90:   000000001a8c8000 00000000fffffffa
0x000000001a65eea0:   0000000000a67000 000000001a8eac40
0x000000001a65eeb0:   0000000000000000 00007ffce6eb5ef0
0x000000001a65eec0:   000000001a8c8068 0000000000000000
0x000000001a65eed0:   000000001a8ea9b0 000000001a8e5988
0x000000001a65eee0:   000000001a8e5988 00007ffcb36f9c30
0x000000001a65eef0:   00000000400001c0 000000001a8c8068
0x000000001a65ef00:   000000001a8ea9b0 000000001a8ea810
0x000000001a65ef10:   0000000019ba6000 000000001a8e0f38 

Instructions: (pc=0x00007ffce6eb982b)
0x00007ffce6eb980b:   45 f7 48 39 7b 18 0f 84 bc 00 00 00 48 8b 0b 49
0x00007ffce6eb981b:   3b cd 0f 84 bd 00 00 00 44 8b e7 49 3b cd 74 03
0x00007ffce6eb982b:   ff 41 24 4c 8b 6b 18 48 8d 2d bf 5c 14 00 45 33
0x00007ffce6eb983b:   f6 e8 ff 54 ff ff 85 c0 0f 85 0f 53 09 00 b9 82 


Register to memory mapping:

RAX=0xffffffffffffffff is an unknown value
RBX=0x000000001a8eac40 is an unknown value
RCX=0x0000000000000000 is an unknown value
RDX=0xffffffffffffffff is an unknown value
RSP=0x000000001a65ee20 is pointing into the stack for thread: 0x0000000019ba6000
RBP=0x0000000000000001 is an unknown value
RSI=0x0000000000000000 is an unknown value
RDI=0x0000000000000000 is an unknown value
R8 =0x00000000fffffffa is an unallocated location in the heap
R9 =0x000000001c25a100 is an unknown value
R10=0x00000000ffffff00 is an unallocated location in the heap
R11=0x000000001a65eca0 is pointing into the stack for thread: 0x0000000019ba6000
R12=0x0000000000000000 is an unknown value
R13=0xffffffffffffffff is an unknown value
R14=0x0000000000a67000 is an unknown value
R15=0x0000000000000000 is an unknown value


Stack: [0x000000001a560000,0x000000001a660000],  sp=0x000000001a65ee20,  free space=1019k
Native frames: (J=compiled Java code, j=interpreted, Vv=VM code, C=native code)
C  [ntdll.dll+0x1982b]
C  [ntdll.dll+0x15fdc]
C  [ntdll.dll+0x15ef0]
C  [atiumd64.dll+0x59c30]
C  [atiumd64.dll+0x5a806]
C  [atiumd64.dll+0x1a9af]
C  [atiumd64.dll+0x1ee0]
C  [atiu9p64.dll+0x630d]
C  [d3d9.dll+0xa8f1]
C  [d3d9.dll+0xa6b5]
C  [d3d9.dll+0x338c]
C  [d3d9.dll+0x12fe]
C  [d3d9.dll+0x2de1a]
C  [awt.dll+0x19c57]
C  [awt.dll+0x15926]
C  [awt.dll+0x1d597]
C  [awt.dll+0x1f309]
C  [awt.dll+0xccaed]
C  [awt.dll+0xcd101]
C  [awt.dll+0xcd5d7]
C  0x0000000003168c67

Java frames: (J=compiled Java code, j=interpreted, Vv=VM code)
j  sun.awt.windows.WToolkit.eventLoop()V+0
j  sun.awt.windows.WToolkit.run()V+58
j  java.lang.Thread.run()V+11
v  ~StubRoutines::call_stub

---------------  P R O C E S S  ---------------

Java Threads: ( => current thread )
  0x00000000190c1000 JavaThread "Thread-0" daemon [_thread_in_native, id=6228, stack(0x0000000021b50000,0x0000000021c50000)]
  0x000000001913b000 JavaThread "Abandoned connection cleanup thread" daemon [_thread_blocked, id=12284, stack(0x000000001ea10000,0x000000001eb10000)]
  0x0000000019e9e000 JavaThread "TimerQueue" daemon [_thread_blocked, id=11384, stack(0x000000001e910000,0x000000001ea10000)]
  0x0000000003051000 JavaThread "DestroyJavaVM" [_thread_blocked, id=10036, stack(0x0000000002f50000,0x0000000003050000)]
  0x0000000019baa000 JavaThread "AWT-EventQueue-0" [_thread_blocked, id=7308, stack(0x000000001a740000,0x000000001a840000)]
=>0x0000000019ba6000 JavaThread "AWT-Windows" daemon [_thread_in_native, id=1052, stack(0x000000001a560000,0x000000001a660000)]
  0x0000000019458800 JavaThread "AWT-Shutdown" [_thread_blocked, id=10964, stack(0x000000001a460000,0x000000001a560000)]
  0x0000000019457800 JavaThread "Java2D Disposer" daemon [_thread_blocked, id=4528, stack(0x000000001a360000,0x000000001a460000)]
  0x0000000017d5c000 JavaThread "Service Thread" daemon [_thread_blocked, id=11944, stack(0x0000000019960000,0x0000000019a60000)]
  0x0000000017d22800 JavaThread "C1 CompilerThread2" daemon [_thread_blocked, id=7512, stack(0x0000000019860000,0x0000000019960000)]
  0x0000000017d1a800 JavaThread "C2 CompilerThread1" daemon [_thread_blocked, id=8112, stack(0x0000000019760000,0x0000000019860000)]
  0x0000000017d17800 JavaThread "C2 CompilerThread0" daemon [_thread_blocked, id=10196, stack(0x0000000019660000,0x0000000019760000)]
  0x00000000190a3800 JavaThread "Attach Listener" daemon [_thread_blocked, id=1124, stack(0x0000000019560000,0x0000000019660000)]
  0x00000000190a2800 JavaThread "Signal Dispatcher" daemon [_thread_blocked, id=11044, stack(0x0000000019460000,0x0000000019560000)]
  0x0000000017ce9000 JavaThread "Finalizer" daemon [_thread_blocked, id=11956, stack(0x0000000018f60000,0x0000000019060000)]
  0x0000000003141000 JavaThread "Reference Handler" daemon [_thread_blocked, id=4992, stack(0x0000000018e60000,0x0000000018f60000)]

Other Threads:
  0x0000000017cc7800 VMThread [stack: 0x0000000018d60000,0x0000000018e60000] [id=3424]
  0x000000001910a800 WatcherThread [stack: 0x0000000019a60000,0x0000000019b60000] [id=10692]

VM state:not at safepoint (normal execution)

VM Mutex/Monitor currently owned by a thread: None

Heap:
 PSYoungGen      total 38400K, used 24361K [0x00000000d5980000, 0x00000000d8400000, 0x0000000100000000)
  eden space 33280K, 73% used [0x00000000d5980000,0x00000000d714a5a8,0x00000000d7a00000)
  from space 5120K, 0% used [0x00000000d7f00000,0x00000000d7f00000,0x00000000d8400000)
  to   space 5120K, 0% used [0x00000000d7a00000,0x00000000d7a00000,0x00000000d7f00000)
 ParOldGen       total 87552K, used 0K [0x0000000080c00000, 0x0000000086180000, 0x00000000d5980000)
  object space 87552K, 0% used [0x0000000080c00000,0x0000000080c00000,0x0000000086180000)
 Metaspace       used 15086K, capacity 15266K, committed 15488K, reserved 1062912K
  class space    used 1818K, capacity 1902K, committed 1920K, reserved 1048576K

Card table byte_map: [0x0000000012510000,0x0000000012910000] byte_map_base: 0x000000001210a000

Marking Bits: (ParMarkBitMap*) 0x00000000701b3e30
 Begin Bits: [0x0000000012fc0000, 0x0000000014f90000)
 End Bits:   [0x0000000014f90000, 0x0000000016f60000)

Polling page: 0x0000000000e30000

CodeCache: size=245760Kb used=4405Kb max_used=4405Kb free=241354Kb
 bounds [0x0000000003150000, 0x00000000035a0000, 0x0000000012150000]
 total_blobs=1847 nmethods=1275 adapters=484
 compilation: enabled

Compilation events (10 events):
Event: 15.244 Thread 0x0000000017d22800 1271       1       sun.java2d.loops.RenderCache$Entry::getValue (5 bytes)
Event: 15.244 Thread 0x0000000017d22800 nmethod 1271 0x00000000035992d0 code [0x0000000003599420, 0x0000000003599530]
Event: 15.244 Thread 0x0000000017d22800 1272       1       sun.swing.MenuItemLayoutHelper$RectSize::access$200 (5 bytes)
Event: 15.244 Thread 0x0000000017d22800 nmethod 1272 0x0000000003598f90 code [0x00000000035990e0, 0x00000000035991d0]
Event: 15.245 Thread 0x0000000017d22800 1273       3       javax.swing.JComponent::getFontMetrics (6 bytes)
Event: 15.245 Thread 0x0000000017d22800 nmethod 1273 0x000000000359e550 code [0x000000000359e6e0, 0x000000000359eb98]
Event: 15.245 Thread 0x0000000017d22800 1274       1       sun.java2d.SurfaceDataProxy::isValid (5 bytes)
Event: 15.245 Thread 0x0000000017d22800 nmethod 1274 0x000000000359ed50 code [0x000000000359eea0, 0x000000000359efb0]
Event: 17.568 Thread 0x0000000017d22800 1275       3       sun.java2d.StateTrackableDelegate$1::isCurrent (17 bytes)
Event: 17.569 Thread 0x0000000017d22800 nmethod 1275 0x000000000359f010 code [0x000000000359f160, 0x000000000359f310]

GC Heap History (0 events):
No events

Deoptimization events (10 events):
Event: 3.257 Thread 0x0000000019baa000 Uncommon trap: reason=class_check action=maybe_recompile pc=0x00000000032bfc14 method=java.lang.String.equals(Ljava/lang/Object;)Z @ 8
Event: 3.257 Thread 0x0000000019baa000 Uncommon trap: reason=class_check action=maybe_recompile pc=0x00000000032bfc14 method=java.lang.String.equals(Ljava/lang/Object;)Z @ 8
Event: 10.138 Thread 0x0000000019baa000 Uncommon trap: reason=bimorphic action=maybe_recompile pc=0x00000000033596f4 method=java.util.HashMap.getNode(ILjava/lang/Object;)Ljava/util/HashMap$Node; @ 126
Event: 10.138 Thread 0x0000000019baa000 Uncommon trap: reason=bimorphic action=maybe_recompile pc=0x00000000033596f4 method=java.util.HashMap.getNode(ILjava/lang/Object;)Ljava/util/HashMap$Node; @ 126
Event: 10.142 Thread 0x0000000019baa000 Uncommon trap: reason=bimorphic action=maybe_recompile pc=0x00000000033596f4 method=java.util.HashMap.getNode(ILjava/lang/Object;)Ljava/util/HashMap$Node; @ 126
Event: 10.142 Thread 0x0000000019baa000 Uncommon trap: reason=bimorphic action=maybe_recompile pc=0x00000000033596f4 method=java.util.HashMap.getNode(ILjava/lang/Object;)Ljava/util/HashMap$Node; @ 126
Event: 10.296 Thread 0x0000000019baa000 Uncommon trap: reason=unstable_if action=reinterpret pc=0x00000000034b77e4 method=java.util.Properties$LineReader.readLine()I @ 252
Event: 10.391 Thread 0x0000000019baa000 Uncommon trap: reason=unstable_if action=reinterpret pc=0x00000000033a29d0 method=java.lang.String.indexOf([CII[CIII)I @ 3
Event: 10.393 Thread 0x0000000019baa000 Uncommon trap: reason=bimorphic action=maybe_recompile pc=0x00000000033307f8 method=java.util.HashMap.getNode(ILjava/lang/Object;)Ljava/util/HashMap$Node; @ 126
Event: 10.449 Thread 0x0000000019baa000 Uncommon trap: reason=bimorphic action=maybe_recompile pc=0x00000000033e3540 method=java.util.HashMap.putVal(ILjava/lang/Object;Ljava/lang/Object;ZZ)Ljava/lang/Object; @ 203

Classes redefined (0 events):
No events

Internal exceptions (10 events):
Event: 0.150 Thread 0x0000000003051000 Exception <a 'java/security/PrivilegedActionException'> (0x00000000d5af5360) thrown at [C:\re\workspace\8-2-build-windows-amd64-cygwin\jdk8u191\11896\hotspot\src\share\vm\prims\jvm.cpp, line 1435]
Event: 0.150 Thread 0x0000000003051000 Exception <a 'java/security/PrivilegedActionException'> (0x00000000d5af5570) thrown at [C:\re\workspace\8-2-build-windows-amd64-cygwin\jdk8u191\11896\hotspot\src\share\vm\prims\jvm.cpp, line 1435]
Event: 0.151 Thread 0x0000000003051000 Exception <a 'java/security/PrivilegedActionException'> (0x00000000d5af91e0) thrown at [C:\re\workspace\8-2-build-windows-amd64-cygwin\jdk8u191\11896\hotspot\src\share\vm\prims\jvm.cpp, line 1435]
Event: 0.151 Thread 0x0000000003051000 Exception <a 'java/security/PrivilegedActionException'> (0x00000000d5af93f0) thrown at [C:\re\workspace\8-2-build-windows-amd64-cygwin\jdk8u191\11896\hotspot\src\share\vm\prims\jvm.cpp, line 1435]
Event: 0.170 Thread 0x0000000003051000 Exception <a 'java/io/FileNotFoundException'> (0x00000000d5b16df0) thrown at [C:\re\workspace\8-2-build-windows-amd64-cygwin\jdk8u191\11896\hotspot\src\share\vm\prims\jni.cpp, line 709]
Event: 0.203 Thread 0x0000000003051000 Exception <a 'java/lang/NoSuchFieldError': method resolution failed> (0x00000000d5be80e0) thrown at [C:\re\workspace\8-2-build-windows-amd64-cygwin\jdk8u191\11896\hotspot\src\share\vm\prims\methodHandles.cpp, line 1167]
Event: 0.204 Thread 0x0000000003051000 Exception <a 'java/lang/NoSuchFieldError': method resolution failed> (0x00000000d5bf54b0) thrown at [C:\re\workspace\8-2-build-windows-amd64-cygwin\jdk8u191\11896\hotspot\src\share\vm\prims\methodHandles.cpp, line 1167]
Event: 0.268 Thread 0x0000000019baa000 Exception <a 'java/io/FileNotFoundException'> (0x00000000d5d730a8) thrown at [C:\re\workspace\8-2-build-windows-amd64-cygwin\jdk8u191\11896\hotspot\src\share\vm\prims\jni.cpp, line 709]
Event: 0.558 Thread 0x0000000019baa000 Exception <a 'java/io/FileNotFoundException'> (0x00000000d62b2650) thrown at [C:\re\workspace\8-2-build-windows-amd64-cygwin\jdk8u191\11896\hotspot\src\share\vm\prims\jni.cpp, line 709]
Event: 0.558 Thread 0x0000000019baa000 Exception <a 'java/lang/NullPointerException'> (0x00000000d62b2c88) thrown at [C:\re\workspace\8-2-build-windows-amd64-cygwin\jdk8u191\11896\hotspot\src\share\vm\interpreter\linkResolver.cpp, line 1185]

Events (10 events):
Event: 10.509 Executing VM operation: RevokeBias
Event: 10.509 Executing VM operation: RevokeBias done
Event: 15.246 Executing VM operation: RevokeBias
Event: 15.246 Executing VM operation: RevokeBias done
Event: 17.605 Thread 0x00000000190be000 Thread added: 0x00000000190be000
Event: 17.606 Thread 0x00000000190c1000 Thread added: 0x00000000190c1000
Event: 17.606 Thread 0x0000000019e94800 Thread exited: 0x0000000019e94800
Event: 17.606 Thread 0x00000000190be000 Thread exited: 0x00000000190be000
Event: 17.609 loading class sun/java2d/pipe/hw/AccelDeviceEventNotifier
Event: 17.609 loading class sun/java2d/pipe/hw/AccelDeviceEventNotifier done


Dynamic libraries:
0x00007ff657550000 - 0x00007ff657587000 	C:\Program Files\Java\jre1.8.0_191\bin\javaw.exe
0x00007ffce6ea0000 - 0x00007ffce708d000 	C:\Windows\SYSTEM32\ntdll.dll
0x00007ffce6db0000 - 0x00007ffce6e63000 	C:\Windows\System32\KERNEL32.DLL
0x00007ffce3860000 - 0x00007ffce3af3000 	C:\Windows\System32\KERNELBASE.dll
0x00007ffce4a80000 - 0x00007ffce4b23000 	C:\Windows\System32\ADVAPI32.DLL
0x00007ffce4b90000 - 0x00007ffce4c2e000 	C:\Windows\System32\msvcrt.dll
0x00007ffce4370000 - 0x00007ffce440e000 	C:\Windows\System32\sechost.dll
0x00007ffce6c10000 - 0x00007ffce6d33000 	C:\Windows\System32\RPCRT4.dll
0x00007ffce4c80000 - 0x00007ffce4e17000 	C:\Windows\System32\USER32.dll
0x00007ffce2f90000 - 0x00007ffce2fb0000 	C:\Windows\System32\win32u.dll
0x00007ffce4730000 - 0x00007ffce4759000 	C:\Windows\System32\GDI32.dll
0x00007ffce3e30000 - 0x00007ffce3fca000 	C:\Windows\System32\gdi32full.dll
0x00007ffce3d90000 - 0x00007ffce3e30000 	C:\Windows\System32\msvcp_win.dll
0x00007ffce3fd0000 - 0x00007ffce40cc000 	C:\Windows\System32\ucrtbase.dll
0x00007ffcd44b0000 - 0x00007ffcd4729000 	C:\Windows\WinSxS\amd64_microsoft.windows.common-controls_6595b64144ccf1df_6.0.17763.107_none_05b63884071e656e\COMCTL32.dll
0x00007ffce4e20000 - 0x00007ffce514e000 	C:\Windows\System32\combase.dll
0x00007ffce37e0000 - 0x00007ffce385e000 	C:\Windows\System32\bcryptPrimitives.dll
0x00007ffce4c50000 - 0x00007ffce4c7e000 	C:\Windows\System32\IMM32.DLL
0x000000006f410000 - 0x000000006f4e2000 	C:\Program Files\Java\jre1.8.0_191\bin\msvcr100.dll
0x000000006f990000 - 0x0000000070234000 	C:\Program Files\Java\jre1.8.0_191\bin\server\jvm.dll
0x00007ffce6c00000 - 0x00007ffce6c08000 	C:\Windows\System32\PSAPI.DLL
0x00007ffce1090000 - 0x00007ffce10b4000 	C:\Windows\SYSTEM32\WINMM.dll
0x00007ffcd47a0000 - 0x00007ffcd47a9000 	C:\Windows\SYSTEM32\WSOCK32.dll
0x00007ffce6d40000 - 0x00007ffce6dad000 	C:\Windows\System32\WS2_32.dll
0x00007ffcddbd0000 - 0x00007ffcddbda000 	C:\Windows\SYSTEM32\VERSION.dll
0x00007ffce0f40000 - 0x00007ffce0f6d000 	C:\Windows\SYSTEM32\winmmbase.dll
0x00007ffce3b60000 - 0x00007ffce3baa000 	C:\Windows\System32\cfgmgr32.dll
0x000000006f980000 - 0x000000006f98f000 	C:\Program Files\Java\jre1.8.0_191\bin\verify.dll
0x000000006f950000 - 0x000000006f979000 	C:\Program Files\Java\jre1.8.0_191\bin\java.dll
0x000000006f930000 - 0x000000006f946000 	C:\Program Files\Java\jre1.8.0_191\bin\zip.dll
0x00007ffce5150000 - 0x00007ffce663f000 	C:\Windows\System32\SHELL32.dll
0x00007ffce42c0000 - 0x00007ffce4368000 	C:\Windows\System32\shcore.dll
0x00007ffce3090000 - 0x00007ffce37d8000 	C:\Windows\System32\windows.storage.dll
0x00007ffce2f20000 - 0x00007ffce2f44000 	C:\Windows\System32\profapi.dll
0x00007ffce2ea0000 - 0x00007ffce2efd000 	C:\Windows\System32\powrprof.dll
0x00007ffce4b30000 - 0x00007ffce4b82000 	C:\Windows\System32\shlwapi.dll
0x00007ffce2f00000 - 0x00007ffce2f11000 	C:\Windows\System32\kernel.appcore.dll
0x00007ffce2f70000 - 0x00007ffce2f87000 	C:\Windows\System32\cryptsp.dll
0x000000006f710000 - 0x000000006f8a9000 	C:\Program Files\Java\jre1.8.0_191\bin\awt.dll
0x00007ffce4840000 - 0x00007ffce490b000 	C:\Windows\System32\OLEAUT32.dll
0x00007ffce1190000 - 0x00007ffce121c000 	C:\Windows\SYSTEM32\apphelp.dll
0x00007ffce1340000 - 0x00007ffce13dc000 	C:\Windows\system32\uxtheme.dll
0x00007ffce4910000 - 0x00007ffce4a7a000 	C:\Windows\System32\MSCTF.dll
0x00007ffce15c0000 - 0x00007ffce15ee000 	C:\Windows\system32\dwmapi.dll
0x00007ffce3bb0000 - 0x00007ffce3d8b000 	C:\Windows\System32\CRYPT32.dll
0x00007ffce2f50000 - 0x00007ffce2f62000 	C:\Windows\System32\MSASN1.dll
0x00007ffce45c0000 - 0x00007ffce4715000 	C:\Windows\System32\ole32.dll
0x00007ffcacb20000 - 0x00007ffcacc47000 	C:\Windows\system32\opengl32.dll
0x00007ffcc0dd0000 - 0x00007ffcc0dfc000 	C:\Windows\SYSTEM32\GLU32.dll
0x00007ffcb3f10000 - 0x00007ffcb40ae000 	C:\Windows\system32\d3d9.dll
0x00007ffcddbe0000 - 0x00007ffcddd38000 	C:\Windows\SYSTEM32\aticfx64.dll
0x00007ffcb3ee0000 - 0x00007ffcb3f01000 	C:\Windows\SYSTEM32\atiu9p64.dll
0x00007ffcb36a0000 - 0x00007ffcb3edf000 	C:\Windows\SYSTEM32\atiumd64.dll
0x00000000703b0000 - 0x0000000070c12000 	C:\Windows\SYSTEM32\atiumd6a.dll
0x000000006f6c0000 - 0x000000006f707000 	C:\Program Files\Java\jre1.8.0_191\bin\fontmanager.dll
0x00007ffce6b50000 - 0x00007ffce6bf2000 	C:\Windows\System32\clbcatq.dll
0x00007ffcde160000 - 0x00007ffcde318000 	C:\Windows\SYSTEM32\WindowsCodecs.dll
0x00007ffccd6f0000 - 0x00007ffccd746000 	C:\Windows\system32\dataexchange.dll
0x00007ffce0a00000 - 0x00007ffce0bc3000 	C:\Windows\system32\dcomp.dll
0x00007ffcdff80000 - 0x00007ffce01fe000 	C:\Windows\system32\d3d11.dll
0x00007ffce1c30000 - 0x00007ffce1cf2000 	C:\Windows\system32\dxgi.dll
0x00007ffce16d0000 - 0x00007ffce18dd000 	C:\Windows\system32\twinapi.appcore.dll
0x00007ffce16a0000 - 0x00007ffce16c8000 	C:\Windows\system32\RMCLIENT.dll
0x000000006f910000 - 0x000000006f92a000 	C:\Program Files\Java\jre1.8.0_191\bin\net.dll
0x00007ffce2730000 - 0x00007ffce2797000 	C:\Windows\system32\mswsock.dll
0x000000006f8f0000 - 0x000000006f901000 	C:\Program Files\Java\jre1.8.0_191\bin\nio.dll
0x000000006f4f0000 - 0x000000006f532000 	C:\Program Files\Java\jre1.8.0_191\bin\t2k.dll
0x00007ffcd9840000 - 0x00007ffcd98d5000 	C:\Windows\System32\TextInputFramework.dll
0x00007ffcde500000 - 0x00007ffcde822000 	C:\Windows\System32\CoreUIComponents.dll
0x00007ffce1ff0000 - 0x00007ffce2021000 	C:\Windows\SYSTEM32\ntmarta.dll
0x00007ffce0910000 - 0x00007ffce09f2000 	C:\Windows\System32\CoreMessaging.dll
0x00007ffcdee40000 - 0x00007ffcdef93000 	C:\Windows\SYSTEM32\wintypes.dll
0x00007ffcd4920000 - 0x00007ffcd497f000 	C:\Windows\system32\IME\QQWubiTSF\QQWubiTSF.dll
0x00007ffcdfad0000 - 0x00007ffcdfae3000 	C:\Windows\SYSTEM32\WTSAPI32.dll
0x00007ffcad690000 - 0x00007ffcadbe7000 	C:\Windows\system32\IME\QQWubiTSF\QQWubi.ime
0x00007ffcdf8c0000 - 0x00007ffcdf8c7000 	C:\Windows\SYSTEM32\MSIMG32.dll
0x00007ffcd3560000 - 0x00007ffcd3577000 	C:\Windows\SYSTEM32\NETAPI32.dll
0x00007ffce25a0000 - 0x00007ffce25ae000 	C:\Windows\SYSTEM32\NETUTILS.DLL
0x00007ffcdf3c0000 - 0x00007ffcdf3d7000 	C:\Windows\SYSTEM32\WKSCLI.DLL
0x00007ffce3060000 - 0x00007ffce3086000 	C:\Windows\System32\bcrypt.dll
0x00007ffcd39a0000 - 0x00007ffcd39c0000 	C:\Program Files\iFly Info Tek\2.1.1611\x64\iFlyIMEQuickLaunch.dll
0x0000000070ea0000 - 0x0000000070f38000 	C:\Windows\SYSTEM32\MSVCP100.dll
0x00007ffce24d0000 - 0x00007ffce2596000 	C:\Windows\SYSTEM32\DNSAPI.dll
0x00007ffce6640000 - 0x00007ffce6648000 	C:\Windows\System32\NSI.dll
0x00007ffce2490000 - 0x00007ffce24cd000 	C:\Windows\SYSTEM32\IPHLPAPI.DLL
0x00007ffcdb700000 - 0x00007ffcdb70a000 	C:\Windows\System32\rasadhlp.dll
0x00007ffcdbea0000 - 0x00007ffcdbf19000 	C:\Windows\System32\fwpuclnt.dll
0x00007ffcac740000 - 0x00007ffcac92d000 	C:\Windows\SYSTEM32\dbghelp.dll

VM Arguments:
jvm_args: -Dfile.encoding=GBK 
java_command: com.java1234.view.LogOnFrm
java_class_path (initial): E:\workspace\BookManager\bin;E:\workspace\BookManager\jdbc\mysql-connector-java-5.1.36.jar;E:\workspace\BookManager\jgoodies-forms-1.8.0.jar
Launcher Type: SUN_STANDARD

Environment Variables:
JAVA_HOME=C:\Program Files\Java\jdk1.8.0_191
CLASSPATH=.;C:\Program Files\Java\jdk1.8.0_191\lib;C:\Program Files\Java\jdk1.8.0_191\lib\tools.jar
PATH=C:/Program Files/Java/jre1.8.0_191/bin/server;C:/Program Files/Java/jre1.8.0_191/bin;C:/Program Files/Java/jre1.8.0_191/lib/amd64;C:\Program Files (x86)\Common Files\Oracle\Java\javapath;C:\Windows\system32;C:\Windows;C:\Windows\System32\Wbem;C:\Windows\System32\WindowsPowerShell\v1.0\;C:\Windows\System32\OpenSSH\;C:\Program Files (x86)\ATI Technologies\ATI.ACE\Core-Static;C:\Program Files\Java\jdk1.8.0_191\bin;C:\Program Files\Java\jdk1.8.0_191\jre\bin;C:\Users\Administrator\AppData\Local\Microsoft\WindowsApps;;D:\eclipse;
USERNAME=Administrator
OS=Windows_NT
PROCESSOR_IDENTIFIER=Intel64 Family 6 Model 60 Stepping 3, GenuineIntel



---------------  S Y S T E M  ---------------

OS: Windows 10.0 , 64 bit Build 17763 (10.0.17763.1)

CPU:total 4 (initial active 4) (4 cores per cpu, 1 threads per core) family 6 model 60 stepping 3, cmov, cx8, fxsr, mmx, sse, sse2, sse3, ssse3, sse4.1, sse4.2, popcnt, avx, avx2, aes, clmul, erms, lzcnt, tsc, tscinvbit, bmi1, bmi2

Memory: 4k page, physical 8334196k(4098544k free), swap 10300276k(4367308k free)

vm_info: Java HotSpot(TM) 64-Bit Server VM (25.191-b12) for windows-amd64 JRE (1.8.0_191-b12), built on Oct  6 2018 09:29:03 by "java_re" with MS VC++ 10.0 (VS2010)

time: Tue May 21 16:28:58 2019
elapsed time: 17 seconds (0d 0h 0m 17s)

